<?xml version='1.0' encoding='UTF-8' ?>
<testsuite name="com.example.dogglers.HorizontalListTests" tests="1" failures="1" errors="0" skipped="0" time="7.735" timestamp="2022-06-02T10:42:31" hostname="localhost">
  <properties>
    <property name="device" value="Pixel_5_API_30(AVD) - 11" />
    <property name="flavor" value="" />
    <property name="project" value="app" />
  </properties>
  <testcase name="horizontal_scrolling" classname="com.example.dogglers.HorizontalListTests" time="6.569">
    <failure>androidx.test.espresso.base.DefaultFailureHandler$AssertionFailedWithCauseError: '(view has effective visibility &lt;VISIBLE&gt; and view.getGlobalVisibleRect() to return non-empty rectangle)' doesn't match the selected view.
Expected: (view has effective visibility &lt;VISIBLE&gt; and view.getGlobalVisibleRect() to return non-empty rectangle)
Got: view.getGlobalVisibleRect() returned empty rectangle
View Details: MaterialTextView{id=2131230886, res-name=dog_name, visibility=VISIBLE, width=187, height=74, has-focus=false, has-focusable=false, has-window-focus=true, is-clickable=false, is-enabled=true, is-focused=false, is-focusable=false, is-layout-requested=false, is-selected=false, layout-params=androidx.constraintlayout.widget.ConstraintLayout$LayoutParams&#64;628ec77, tag=null, root-is-layout-requested=false, has-input-connection=false, x=22.0, y=556.0, text=Frankie, input-type=0, ime-target=false, has-links=false}

at dalvik.system.VMStack.getThreadStackTrace(Native Method)
at java.lang.Thread.getStackTrace(Thread.java:1736)
at androidx.test.espresso.base.DefaultFailureHandler.getUserFriendlyError(DefaultFailureHandler.java:12)
at androidx.test.espresso.base.DefaultFailureHandler.handle(DefaultFailureHandler.java:7)
at androidx.test.espresso.ViewInteraction.waitForAndHandleInteractionResults(ViewInteraction.java:5)
at androidx.test.espresso.ViewInteraction.check(ViewInteraction.java:12)
at com.example.dogglers.HorizontalListTests.horizontal_scrolling(HorizontalListTests.kt:56)
... 29 trimmed
Caused by: junit.framework.AssertionFailedError: '(view has effective visibility &lt;VISIBLE&gt; and view.getGlobalVisibleRect() to return non-empty rectangle)' doesn't match the selected view.
Expected: (view has effective visibility &lt;VISIBLE&gt; and view.getGlobalVisibleRect() to return non-empty rectangle)
Got: view.getGlobalVisibleRect() returned empty rectangle
View Details: MaterialTextView{id=2131230886, res-name=dog_name, visibility=VISIBLE, width=187, height=74, has-focus=false, has-focusable=false, has-window-focus=true, is-clickable=false, is-enabled=true, is-focused=false, is-focusable=false, is-layout-requested=false, is-selected=false, layout-params=androidx.constraintlayout.widget.ConstraintLayout$LayoutParams&#64;628ec77, tag=null, root-is-layout-requested=false, has-input-connection=false, x=22.0, y=556.0, text=Frankie, input-type=0, ime-target=false, has-links=false}

at androidx.test.espresso.matcher.ViewMatchers.assertThat(ViewMatchers.java:16)
at androidx.test.espresso.assertion.ViewAssertions$MatchesViewAssertion.check(ViewAssertions.java:11)
at androidx.test.espresso.ViewInteraction$SingleExecutionViewAssertion.check(ViewInteraction.java:2)
at androidx.test.espresso.ViewInteraction$2.call(ViewInteraction.java:12)
at androidx.test.espresso.ViewInteraction$2.call(ViewInteraction.java:1)
at java.util.concurrent.FutureTask.run(FutureTask.java:266)
at android.os.Handler.handleCallback(Handler.java:938)
at android.os.Handler.dispatchMessage(Handler.java:99)
at android.os.Looper.loop(Looper.java:223)
at android.app.ActivityThread.main(ActivityThread.java:7656)
at java.lang.reflect.Method.invoke(Native Method)
at com.android.internal.os.RuntimeInit$MethodAndArgsCaller.run(RuntimeInit.java:592)
at com.android.internal.os.ZygoteInit.main(ZygoteInit.java:947)</failure>
  </testcase>
</testsuite>